<?xml version="1.0" encoding="UTF-8"?>
<!-- Generated by org.testng.reporters.JUnitReportReporter -->
<testsuite skipped="0" hostname="WIN-NFDCINOH1RK" name="demo123.FacebookPostDemo" tests="1" failures="0" timestamp="2020-02-06T05:08:13 UTC" time="0.013" errors="0">
  <testcase name="fblogin" time="0.013" classname="demo123.FacebookPostDemo"/>
</testsuite> <!-- demo123.FacebookPostDemo -->
