<?xml version="1.0" encoding="UTF-8"?>
<!-- Generated by org.testng.reporters.JUnitReportReporter -->
<testsuite hostname="WIN-NFDCINOH1RK" failures="0" tests="1" name="demoSelenium.Demo" time="4.857" errors="0" timestamp="2019-10-21T12:39:47 GMT" skipped="0">
  <testcase classname="demoSelenium.Demo" name="f" time="4.857"/>
</testsuite> <!-- demoSelenium.Demo -->
