<?xml version="1.0" encoding="UTF-8"?>
<!-- Generated by org.testng.reporters.JUnitReportReporter -->
<testsuite skipped="3" hostname="WIN-NFDCINOH1RK" name="demo123.HandsOn_1" tests="4" failures="0" timestamp="2020-02-05T11:37:27 UTC" time="9.895" errors="0">
  <testcase name="RedBus" time="9.895" classname="demo123.HandsOn_1"/>
  <testcase name="TestMe" classname="demo123.HandsOn_1">
    <skipped/>
  </testcase> <!-- TestMe -->
  <testcase name="Naukri" classname="demo123.HandsOn_1">
    <skipped/>
  </testcase> <!-- Naukri -->
  <testcase name="computer" classname="demo123.HandsOn_1">
    <skipped/>
  </testcase> <!-- computer -->
</testsuite> <!-- demo123.HandsOn_1 -->
