<?xml version="1.0" encoding="UTF-8"?>
<!-- Generated by org.testng.reporters.JUnitReportReporter -->
<testsuite skipped="0" hostname="WIN-NFDCINOH1RK" name="demo123.ExcelDemo" tests="1" failures="0" timestamp="2020-02-06T11:54:10 UTC" time="1.644" errors="0">
  <testcase name="f" time="1.644" classname="demo123.ExcelDemo"/>
</testsuite> <!-- demo123.ExcelDemo -->
