<?xml version="1.0" encoding="UTF-8"?>
<!-- Generated by org.testng.reporters.JUnitReportReporter -->
<testsuite skipped="0" hostname="WIN-NFDCINOH1RK" name="demo123.AnnotationsDemo" tests="2" failures="0" timestamp="2020-02-06T08:44:19 UTC" time="0.014" errors="0">
  <testcase name="login" time="0.010" classname="demo123.AnnotationsDemo"/>
  <testcase name="register" time="0.004" classname="demo123.AnnotationsDemo"/>
</testsuite> <!-- demo123.AnnotationsDemo -->
